<?xml version="1.0" encoding="UTF-8"?>
<!-- Generated by org.testng.reporters.JUnitXMLReporter -->
<testsuite ignored="0" hostname="DESKTOP-AE5N1PK" failures="1" tests="2" name="Test Case 2" time="91.035" errors="0" timestamp="2022-03-06T13:56:24 IST">
  <testcase classname="com.selenium.testng.SoftAssert_Login" name="loginAdmin" time="38.423">
    <failure type="java.lang.AssertionError" message="The following asserts failed:
	expected [Altoro Login] but found [Altoro Mutual],
	URL is different expected [true] but found [false],
	Page Label doesn&amp;apos;t contains login expected [true] but found [false]">
      <![CDATA[java.lang.AssertionError: The following asserts failed:
expected [Altoro Login] but found [Altoro Mutual],
URL is different expected [true] but found [false],
Page Label doesn't contains login expected [true] but found [false]
at com.selenium.testng.SoftAssert_Login.loginAdmin(SoftAssert_Login.java:50)
at java.base/java.util.ArrayList.forEach(ArrayList.java:1511)
at java.base/java.util.concurrent.FutureTask.run(FutureTask.java:264)
at java.base/java.util.concurrent.ThreadPoolExecutor.runWorker(ThreadPoolExecutor.java:1136)
at java.base/java.util.concurrent.ThreadPoolExecutor$Worker.run(ThreadPoolExecutor.java:635)
at java.base/java.lang.Thread.run(Thread.java:833)
... Removed 20 stack frames]]>
    </failure>
  </testcase> <!-- loginAdmin -->
  <testcase classname="com.selenium.testng.SoftAssert_Login" name="logoutAdmin" time="0.001">
    <skipped/>
  </testcase> <!-- logoutAdmin -->
</testsuite> <!-- Test Case 2 -->
