<?xml version="1.0" encoding="UTF-8"?>
<!-- Generated by org.testng.reporters.JUnitXMLReporter -->
<testsuite ignored="3" hostname="DESKTOP-M0UH53U" failures="0" tests="1" name="Test 3" time="15.297" errors="0" timestamp="2022-04-07T21:31:48 IST">
  <testcase classname="com.selenium.testng.Login_MutualFund" name="loginAdmin" time="8.041"/>
  <testcase classname="com.selenium.testng.Login_MutualFund" name="loginInvalidUser" time="0.0">
    <ignored/>
  </testcase> <!-- loginInvalidUser -->
  <testcase classname="com.selenium.testng.Login_MutualFund" name="loginTestUser" time="0.0">
    <ignored/>
  </testcase> <!-- loginTestUser -->
  <testcase classname="com.selenium.testng.Login_MutualFund" name="loginJsmithUser" time="0.0">
    <ignored/>
  </testcase> <!-- loginJsmithUser -->
</testsuite> <!-- Test 3 -->
