<?xml version="1.0" encoding="UTF-8"?>
<testng-results ignored="0" total="2" passed="2" failed="0" skipped="0">
  <reporter-output>
    <line>
      <![CDATA[Admin test cases executed !!!]]>
    </line>
  </reporter-output>
  <suite started-at="2022-04-07T21:33:51 IST" name="Failed suite [Failed suite [Smoke_Suite]]" finished-at="2022-04-07T21:34:00 IST" duration-ms="8933">
    <groups>
      <group name="LoginModule">
        <method signature="SoftAssert_Login.loginAdmin()[pri:0, instance:com.selenium.testng.SoftAssert_Login@7fee8714]" name="loginAdmin" class="com.selenium.testng.SoftAssert_Login"/>
        <method signature="SoftAssert_Login.logoutAdmin()[pri:1, instance:com.selenium.testng.SoftAssert_Login@7fee8714]" name="logoutAdmin" class="com.selenium.testng.SoftAssert_Login"/>
      </group> <!-- LoginModule -->
    </groups>
    <test started-at="2022-04-07T21:33:51 IST" name="Test 2(failed)(failed)" finished-at="2022-04-07T21:34:00 IST" duration-ms="8933">
      <class name="com.selenium.testng.SoftAssert_Login">
        <test-method is-config="true" signature="preCondition()[pri:0, instance:com.selenium.testng.SoftAssert_Login@7fee8714]" started-at="2022-04-07T21:33:51 IST" name="preCondition" finished-at="2022-04-07T21:33:53 IST" duration-ms="1573" status="PASS">
          <reporter-output>
          </reporter-output>
        </test-method> <!-- preCondition -->
        <test-method signature="loginAdmin()[pri:0, instance:com.selenium.testng.SoftAssert_Login@7fee8714]" started-at="2022-04-07T21:33:53 IST" name="loginAdmin" description="Test case to verify login functionlity with &#039;admin&#039; user" finished-at="2022-04-07T21:33:56 IST" duration-ms="3033" status="PASS">
          <reporter-output>
          </reporter-output>
        </test-method> <!-- loginAdmin -->
        <test-method signature="logoutAdmin()[pri:1, instance:com.selenium.testng.SoftAssert_Login@7fee8714]" started-at="2022-04-07T21:33:56 IST" name="logoutAdmin" description="Test case to verify logout functionlity for admin user" finished-at="2022-04-07T21:34:00 IST" depends-on-methods="com.selenium.testng.SoftAssert_Login.loginAdmin" duration-ms="4027" status="PASS">
          <reporter-output>
            <line>
              <![CDATA[Admin test cases executed !!!]]>
            </line>
          </reporter-output>
        </test-method> <!-- logoutAdmin -->
        <test-method is-config="true" signature="postCondition()[pri:0, instance:com.selenium.testng.SoftAssert_Login@7fee8714]" started-at="2022-04-07T21:34:00 IST" name="postCondition" finished-at="2022-04-07T21:34:00 IST" duration-ms="257" status="PASS">
          <reporter-output>
          </reporter-output>
        </test-method> <!-- postCondition -->
      </class> <!-- com.selenium.testng.SoftAssert_Login -->
    </test> <!-- Test 2(failed)(failed) -->
  </suite> <!-- Failed suite [Failed suite [Smoke_Suite]] -->
</testng-results>
